{
  "uid" : "51fa15c4408560cb",
  "name" : "Scenario Scroll to partial text money",
  "fullName" : "airbnb.TestSuit03Allure.TC006_scrollToPartialText",
  "historyId" : "24f74dad6243b61a38da40497eb56f80",
  "time" : {
    "start" : 1646393765735,
    "stop" : 1646393768564,
    "duration" : 2829
  },
  "description" : "Scroll to partial text money",
  "descriptionHtml" : "<p>Scroll to partial text money</p>\n",
  "status" : "failed",
  "statusMessage" : "FAILURE ON PURPOSE",
  "statusTrace" : "java.lang.AssertionError: FAILURE ON PURPOSE\r\n\tat org.testng.Assert.fail(Assert.java:96)\r\n\tat airbnb.TestSuit03Allure.TC006_scrollToPartialText(TestSuit03Allure.java:133)\r\n\tat sun.reflect.NativeMethodAccessorImpl.invoke0(Native Method)\r\n\tat sun.reflect.NativeMethodAccessorImpl.invoke(NativeMethodAccessorImpl.java:62)\r\n\tat sun.reflect.DelegatingMethodAccessorImpl.invoke(DelegatingMethodAccessorImpl.java:43)\r\n\tat java.lang.reflect.Method.invoke(Method.java:498)\r\n\tat org.testng.internal.MethodInvocationHelper.invokeMethod(MethodInvocationHelper.java:124)\r\n\tat org.testng.internal.Invoker.invokeMethod(Invoker.java:583)\r\n\tat org.testng.internal.Invoker.invokeTestMethod(Invoker.java:719)\r\n\tat org.testng.internal.Invoker.invokeTestMethods(Invoker.java:989)\r\n\tat org.testng.internal.TestMethodWorker.invokeTestMethods(TestMethodWorker.java:125)\r\n\tat org.testng.internal.TestMethodWorker.run(TestMethodWorker.java:109)\r\n\tat org.testng.TestRunner.privateRun(TestRunner.java:648)\r\n\tat org.testng.TestRunner.run(TestRunner.java:505)\r\n\tat org.testng.SuiteRunner.runTest(SuiteRunner.java:455)\r\n\tat org.testng.SuiteRunner.runSequentially(SuiteRunner.java:450)\r\n\tat org.testng.SuiteRunner.privateRun(SuiteRunner.java:415)\r\n\tat org.testng.SuiteRunner.run(SuiteRunner.java:364)\r\n\tat org.testng.SuiteRunnerWorker.runSuite(SuiteRunnerWorker.java:52)\r\n\tat org.testng.SuiteRunnerWorker.run(SuiteRunnerWorker.java:84)\r\n\tat org.testng.TestNG.runSuitesSequentially(TestNG.java:1208)\r\n\tat org.testng.TestNG.runSuitesLocally(TestNG.java:1137)\r\n\tat org.testng.TestNG.runSuites(TestNG.java:1049)\r\n\tat org.testng.TestNG.run(TestNG.java:1017)\r\n\tat com.intellij.rt.testng.IDEARemoteTestNG.run(IDEARemoteTestNG.java:66)\r\n\tat com.intellij.rt.testng.RemoteTestNGStarter.main(RemoteTestNGStarter.java:109)\r\n",
  "flaky" : false,
  "newFailed" : false,
  "newBroken" : false,
  "newPassed" : false,
  "retriesCount" : 0,
  "retriesStatusChange" : false,
  "beforeStages" : [ {
    "name" : "setup",
    "time" : {
      "start" : 1646393732604,
      "stop" : 1646393738609,
      "duration" : 6005
    },
    "description" : "",
    "status" : "passed",
    "steps" : [ {
      "name" : "Creaci√≥n de driver",
      "time" : {
        "start" : 1646393732604,
        "stop" : 1646393738609,
        "duration" : 6005
      },
      "status" : "passed",
      "steps" : [ ],
      "attachments" : [ ],
      "parameters" : [ ],
      "stepsCount" : 0,
      "hasContent" : false,
      "attachmentsCount" : 0,
      "shouldDisplayMessage" : false
    } ],
    "attachments" : [ ],
    "parameters" : [ ],
    "stepsCount" : 1,
    "hasContent" : true,
    "attachmentsCount" : 0,
    "shouldDisplayMessage" : false
  } ],
  "testStage" : {
    "description" : "Scroll to partial text money",
    "status" : "failed",
    "statusMessage" : "FAILURE ON PURPOSE",
    "statusTrace" : "java.lang.AssertionError: FAILURE ON PURPOSE\r\n\tat org.testng.Assert.fail(Assert.java:96)\r\n\tat airbnb.TestSuit03Allure.TC006_scrollToPartialText(TestSuit03Allure.java:133)\r\n\tat sun.reflect.NativeMethodAccessorImpl.invoke0(Native Method)\r\n\tat sun.reflect.NativeMethodAccessorImpl.invoke(NativeMethodAccessorImpl.java:62)\r\n\tat sun.reflect.DelegatingMethodAccessorImpl.invoke(DelegatingMethodAccessorImpl.java:43)\r\n\tat java.lang.reflect.Method.invoke(Method.java:498)\r\n\tat org.testng.internal.MethodInvocationHelper.invokeMethod(MethodInvocationHelper.java:124)\r\n\tat org.testng.internal.Invoker.invokeMethod(Invoker.java:583)\r\n\tat org.testng.internal.Invoker.invokeTestMethod(Invoker.java:719)\r\n\tat org.testng.internal.Invoker.invokeTestMethods(Invoker.java:989)\r\n\tat org.testng.internal.TestMethodWorker.invokeTestMethods(TestMethodWorker.java:125)\r\n\tat org.testng.internal.TestMethodWorker.run(TestMethodWorker.java:109)\r\n\tat org.testng.TestRunner.privateRun(TestRunner.java:648)\r\n\tat org.testng.TestRunner.run(TestRunner.java:505)\r\n\tat org.testng.SuiteRunner.runTest(SuiteRunner.java:455)\r\n\tat org.testng.SuiteRunner.runSequentially(SuiteRunner.java:450)\r\n\tat org.testng.SuiteRunner.privateRun(SuiteRunner.java:415)\r\n\tat org.testng.SuiteRunner.run(SuiteRunner.java:364)\r\n\tat org.testng.SuiteRunnerWorker.runSuite(SuiteRunnerWorker.java:52)\r\n\tat org.testng.SuiteRunnerWorker.run(SuiteRunnerWorker.java:84)\r\n\tat org.testng.TestNG.runSuitesSequentially(TestNG.java:1208)\r\n\tat org.testng.TestNG.runSuitesLocally(TestNG.java:1137)\r\n\tat org.testng.TestNG.runSuites(TestNG.java:1049)\r\n\tat org.testng.TestNG.run(TestNG.java:1017)\r\n\tat com.intellij.rt.testng.IDEARemoteTestNG.run(IDEARemoteTestNG.java:66)\r\n\tat com.intellij.rt.testng.RemoteTestNGStarter.main(RemoteTestNGStarter.java:109)\r\n",
    "steps" : [ {
      "name" : "Scroll to exact text",
      "time" : {
        "start" : 1646393765736,
        "stop" : 1646393767538,
        "duration" : 1802
      },
      "status" : "passed",
      "steps" : [ ],
      "attachments" : [ ],
      "parameters" : [ {
        "name" : "exactText",
        "value" : "Account Settings"
      } ],
      "stepsCount" : 0,
      "hasContent" : true,
      "attachmentsCount" : 0,
      "shouldDisplayMessage" : false
    }, {
      "name" : "Verify Profile Title",
      "time" : {
        "start" : 1646393767538,
        "stop" : 1646393767576,
        "duration" : 38
      },
      "status" : "passed",
      "steps" : [ ],
      "attachments" : [ ],
      "parameters" : [ ],
      "stepsCount" : 0,
      "hasContent" : false,
      "attachmentsCount" : 0,
      "shouldDisplayMessage" : false
    }, {
      "name" : "Scroll to partial text",
      "time" : {
        "start" : 1646393767576,
        "stop" : 1646393767613,
        "duration" : 37
      },
      "status" : "passed",
      "steps" : [ ],
      "attachments" : [ ],
      "parameters" : [ {
        "name" : "partialText",
        "value" : "money"
      } ],
      "stepsCount" : 0,
      "hasContent" : true,
      "attachmentsCount" : 0,
      "shouldDisplayMessage" : false
    } ],
    "attachments" : [ {
      "uid" : "432663ae05e1bb96",
      "name" : "Page screenshot",
      "source" : "432663ae05e1bb96.png",
      "type" : "image/png",
      "size" : 108484
    }, {
      "uid" : "d748ca83834ec132",
      "name" : "TC006_scrollToPartialText failed and screenshot taken!",
      "source" : "d748ca83834ec132.txt",
      "type" : "text/plain",
      "size" : 54
    }, {
      "uid" : "b4ab4f649517dadd",
      "name" : "Page screenshot",
      "source" : "b4ab4f649517dadd.png",
      "type" : "image/png",
      "size" : 108484
    }, {
      "uid" : "e00a3bfd6e614a62",
      "name" : "TC006_scrollToPartialText failed and screenshot taken!",
      "source" : "e00a3bfd6e614a62.txt",
      "type" : "text/plain",
      "size" : 54
    } ],
    "parameters" : [ ],
    "stepsCount" : 3,
    "hasContent" : true,
    "attachmentsCount" : 4,
    "shouldDisplayMessage" : true
  },
  "afterStages" : [ {
    "name" : "tearDown",
    "time" : {
      "start" : 1646393768894,
      "stop" : 1646393769165,
      "duration" : 271
    },
    "description" : "",
    "status" : "passed",
    "steps" : [ ],
    "attachments" : [ ],
    "parameters" : [ ],
    "stepsCount" : 0,
    "hasContent" : false,
    "attachmentsCount" : 0,
    "shouldDisplayMessage" : false
  } ],
  "labels" : [ {
    "name" : "package",
    "value" : "airbnb.TestSuit03Allure"
  }, {
    "name" : "testClass",
    "value" : "airbnb.TestSuit03Allure"
  }, {
    "name" : "testMethod",
    "value" : "TC006_scrollToPartialText"
  }, {
    "name" : "parentSuite",
    "value" : "All Test Suite Allure"
  }, {
    "name" : "suite",
    "value" : "D:/OneDrive/Proyectos/P_IntelliJ_IDEA/AirbnbMaven"
  }, {
    "name" : "subSuite",
    "value" : "airbnb.TestSuit03Allure"
  }, {
    "name" : "host",
    "value" : "CRISS-NOTE-WORK"
  }, {
    "name" : "thread",
    "value" : "8720@CRISS-NOTE-WORK.main(1)"
  }, {
    "name" : "framework",
    "value" : "testng"
  }, {
    "name" : "language",
    "value" : "java"
  }, {
    "name" : "story",
    "value" : "Scroll"
  }, {
    "name" : "epic",
    "value" : "Regression Tests"
  }, {
    "name" : "feature",
    "value" : "ProfilePage Tests"
  }, {
    "name" : "severity",
    "value" : "trivial"
  }, {
    "name" : "resultFormat",
    "value" : "allure2"
  } ],
  "parameters" : [ ],
  "links" : [ ],
  "hidden" : false,
  "retry" : false,
  "extra" : {
    "severity" : "trivial",
    "retries" : [ ],
    "categories" : [ {
      "name" : "Product defects",
      "matchedStatuses" : [ ],
      "flaky" : false
    } ],
    "tags" : [ ]
  },
  "source" : "51fa15c4408560cb.json",
  "parameterValues" : [ ]
}