{
  "uid" : "bf14add0835921d5",
  "name" : "Scenario Find a Restaurant whit JSON",
  "fullName" : "airbnb.TestSuit02Allure.TC003_findRestaurantWhitJSON",
  "historyId" : "d735bbd98bdef6c058f42b731d68505e",
  "time" : {
    "start" : 1646393719345,
    "stop" : 1646393725213,
    "duration" : 5868
  },
  "description" : "Find a Restaurant whit JSON",
  "descriptionHtml" : "<p>Find a Restaurant whit JSON</p>\n",
  "status" : "failed",
  "statusMessage" : "FAILURE ON PURPOSE",
  "statusTrace" : "java.lang.AssertionError: FAILURE ON PURPOSE\r\n\tat org.testng.Assert.fail(Assert.java:96)\r\n\tat airbnb.TestSuit02Allure.TC003_findRestaurantWhitJSON(TestSuit02Allure.java:88)\r\n\tat sun.reflect.NativeMethodAccessorImpl.invoke0(Native Method)\r\n\tat sun.reflect.NativeMethodAccessorImpl.invoke(NativeMethodAccessorImpl.java:62)\r\n\tat sun.reflect.DelegatingMethodAccessorImpl.invoke(DelegatingMethodAccessorImpl.java:43)\r\n\tat java.lang.reflect.Method.invoke(Method.java:498)\r\n\tat org.testng.internal.MethodInvocationHelper.invokeMethod(MethodInvocationHelper.java:124)\r\n\tat org.testng.internal.Invoker.invokeMethod(Invoker.java:583)\r\n\tat org.testng.internal.Invoker.invokeTestMethod(Invoker.java:719)\r\n\tat org.testng.internal.Invoker.invokeTestMethods(Invoker.java:989)\r\n\tat org.testng.internal.TestMethodWorker.invokeTestMethods(TestMethodWorker.java:125)\r\n\tat org.testng.internal.TestMethodWorker.run(TestMethodWorker.java:109)\r\n\tat org.testng.TestRunner.privateRun(TestRunner.java:648)\r\n\tat org.testng.TestRunner.run(TestRunner.java:505)\r\n\tat org.testng.SuiteRunner.runTest(SuiteRunner.java:455)\r\n\tat org.testng.SuiteRunner.runSequentially(SuiteRunner.java:450)\r\n\tat org.testng.SuiteRunner.privateRun(SuiteRunner.java:415)\r\n\tat org.testng.SuiteRunner.run(SuiteRunner.java:364)\r\n\tat org.testng.SuiteRunnerWorker.runSuite(SuiteRunnerWorker.java:52)\r\n\tat org.testng.SuiteRunnerWorker.run(SuiteRunnerWorker.java:84)\r\n\tat org.testng.TestNG.runSuitesSequentially(TestNG.java:1208)\r\n\tat org.testng.TestNG.runSuitesLocally(TestNG.java:1137)\r\n\tat org.testng.TestNG.runSuites(TestNG.java:1049)\r\n\tat org.testng.TestNG.run(TestNG.java:1017)\r\n\tat com.intellij.rt.testng.IDEARemoteTestNG.run(IDEARemoteTestNG.java:66)\r\n\tat com.intellij.rt.testng.RemoteTestNGStarter.main(RemoteTestNGStarter.java:109)\r\n",
  "flaky" : false,
  "newFailed" : false,
  "newBroken" : false,
  "newPassed" : false,
  "retriesCount" : 0,
  "retriesStatusChange" : false,
  "beforeStages" : [ {
    "name" : "setup",
    "time" : {
      "start" : 1646393698258,
      "stop" : 1646393706194,
      "duration" : 7936
    },
    "description" : "",
    "status" : "passed",
    "steps" : [ {
      "name" : "Creaci√≥n de driver",
      "time" : {
        "start" : 1646393698278,
        "stop" : 1646393706192,
        "duration" : 7914
      },
      "status" : "passed",
      "steps" : [ ],
      "attachments" : [ ],
      "parameters" : [ ],
      "stepsCount" : 0,
      "hasContent" : false,
      "attachmentsCount" : 0,
      "shouldDisplayMessage" : false
    } ],
    "attachments" : [ ],
    "parameters" : [ ],
    "stepsCount" : 1,
    "hasContent" : true,
    "attachmentsCount" : 0,
    "shouldDisplayMessage" : false
  } ],
  "testStage" : {
    "description" : "Find a Restaurant whit JSON",
    "status" : "failed",
    "statusMessage" : "FAILURE ON PURPOSE",
    "statusTrace" : "java.lang.AssertionError: FAILURE ON PURPOSE\r\n\tat org.testng.Assert.fail(Assert.java:96)\r\n\tat airbnb.TestSuit02Allure.TC003_findRestaurantWhitJSON(TestSuit02Allure.java:88)\r\n\tat sun.reflect.NativeMethodAccessorImpl.invoke0(Native Method)\r\n\tat sun.reflect.NativeMethodAccessorImpl.invoke(NativeMethodAccessorImpl.java:62)\r\n\tat sun.reflect.DelegatingMethodAccessorImpl.invoke(DelegatingMethodAccessorImpl.java:43)\r\n\tat java.lang.reflect.Method.invoke(Method.java:498)\r\n\tat org.testng.internal.MethodInvocationHelper.invokeMethod(MethodInvocationHelper.java:124)\r\n\tat org.testng.internal.Invoker.invokeMethod(Invoker.java:583)\r\n\tat org.testng.internal.Invoker.invokeTestMethod(Invoker.java:719)\r\n\tat org.testng.internal.Invoker.invokeTestMethods(Invoker.java:989)\r\n\tat org.testng.internal.TestMethodWorker.invokeTestMethods(TestMethodWorker.java:125)\r\n\tat org.testng.internal.TestMethodWorker.run(TestMethodWorker.java:109)\r\n\tat org.testng.TestRunner.privateRun(TestRunner.java:648)\r\n\tat org.testng.TestRunner.run(TestRunner.java:505)\r\n\tat org.testng.SuiteRunner.runTest(SuiteRunner.java:455)\r\n\tat org.testng.SuiteRunner.runSequentially(SuiteRunner.java:450)\r\n\tat org.testng.SuiteRunner.privateRun(SuiteRunner.java:415)\r\n\tat org.testng.SuiteRunner.run(SuiteRunner.java:364)\r\n\tat org.testng.SuiteRunnerWorker.runSuite(SuiteRunnerWorker.java:52)\r\n\tat org.testng.SuiteRunnerWorker.run(SuiteRunnerWorker.java:84)\r\n\tat org.testng.TestNG.runSuitesSequentially(TestNG.java:1208)\r\n\tat org.testng.TestNG.runSuitesLocally(TestNG.java:1137)\r\n\tat org.testng.TestNG.runSuites(TestNG.java:1049)\r\n\tat org.testng.TestNG.run(TestNG.java:1017)\r\n\tat com.intellij.rt.testng.IDEARemoteTestNG.run(IDEARemoteTestNG.java:66)\r\n\tat com.intellij.rt.testng.RemoteTestNGStarter.main(RemoteTestNGStarter.java:109)\r\n",
    "steps" : [ {
      "name" : "Check if Explore page is present",
      "time" : {
        "start" : 1646393719346,
        "stop" : 1646393720620,
        "duration" : 1274
      },
      "status" : "passed",
      "steps" : [ ],
      "attachments" : [ ],
      "parameters" : [ ],
      "stepsCount" : 0,
      "hasContent" : false,
      "attachmentsCount" : 0,
      "shouldDisplayMessage" : false
    }, {
      "name" : "Read JSON file",
      "time" : {
        "start" : 1646393720620,
        "stop" : 1646393720621,
        "duration" : 1
      },
      "status" : "passed",
      "steps" : [ ],
      "attachments" : [ ],
      "parameters" : [ {
        "name" : "path",
        "value" : "src/main/resources/airbnb/destinations.json"
      }, {
        "name" : "param",
        "value" : "Restaurante"
      } ],
      "stepsCount" : 0,
      "hasContent" : true,
      "attachmentsCount" : 0,
      "shouldDisplayMessage" : false
    }, {
      "name" : "Look for a destination",
      "time" : {
        "start" : 1646393720621,
        "stop" : 1646393723158,
        "duration" : 2537
      },
      "status" : "passed",
      "steps" : [ ],
      "attachments" : [ ],
      "parameters" : [ {
        "name" : "destination",
        "value" : "Burgalhau"
      } ],
      "stepsCount" : 0,
      "hasContent" : true,
      "attachmentsCount" : 0,
      "shouldDisplayMessage" : false
    }, {
      "name" : "Click back arrow",
      "time" : {
        "start" : 1646393723158,
        "stop" : 1646393723626,
        "duration" : 468
      },
      "status" : "passed",
      "steps" : [ ],
      "attachments" : [ ],
      "parameters" : [ ],
      "stepsCount" : 0,
      "hasContent" : false,
      "attachmentsCount" : 0,
      "shouldDisplayMessage" : false
    } ],
    "attachments" : [ {
      "uid" : "d3277e9d6f51d4a",
      "name" : "Page screenshot",
      "source" : "d3277e9d6f51d4a.png",
      "type" : "image/png",
      "size" : 108274
    }, {
      "uid" : "53fff38f548f0e53",
      "name" : "TC003_findRestaurantWhitJSON failed and screenshot taken!",
      "source" : "53fff38f548f0e53.txt",
      "type" : "text/plain",
      "size" : 57
    }, {
      "uid" : "314839e63fd7670d",
      "name" : "Page screenshot",
      "source" : "314839e63fd7670d.png",
      "type" : "image/png",
      "size" : 1120870
    }, {
      "uid" : "e29ff9467b2131aa",
      "name" : "TC003_findRestaurantWhitJSON failed and screenshot taken!",
      "source" : "e29ff9467b2131aa.txt",
      "type" : "text/plain",
      "size" : 57
    } ],
    "parameters" : [ ],
    "stepsCount" : 4,
    "hasContent" : true,
    "attachmentsCount" : 4,
    "shouldDisplayMessage" : true
  },
  "afterStages" : [ {
    "name" : "tearDown",
    "time" : {
      "start" : 1646393732334,
      "stop" : 1646393732602,
      "duration" : 268
    },
    "description" : "",
    "status" : "passed",
    "steps" : [ ],
    "attachments" : [ ],
    "parameters" : [ ],
    "stepsCount" : 0,
    "hasContent" : false,
    "attachmentsCount" : 0,
    "shouldDisplayMessage" : false
  } ],
  "labels" : [ {
    "name" : "package",
    "value" : "airbnb.TestSuit02Allure"
  }, {
    "name" : "testClass",
    "value" : "airbnb.TestSuit02Allure"
  }, {
    "name" : "testMethod",
    "value" : "TC003_findRestaurantWhitJSON"
  }, {
    "name" : "parentSuite",
    "value" : "All Test Suite Allure"
  }, {
    "name" : "suite",
    "value" : "D:/OneDrive/Proyectos/P_IntelliJ_IDEA/AirbnbMaven"
  }, {
    "name" : "subSuite",
    "value" : "airbnb.TestSuit02Allure"
  }, {
    "name" : "host",
    "value" : "CRISS-NOTE-WORK"
  }, {
    "name" : "thread",
    "value" : "8720@CRISS-NOTE-WORK.main(1)"
  }, {
    "name" : "framework",
    "value" : "testng"
  }, {
    "name" : "language",
    "value" : "java"
  }, {
    "name" : "story",
    "value" : "Search"
  }, {
    "name" : "epic",
    "value" : "Regression Tests"
  }, {
    "name" : "feature",
    "value" : "ExplorePage Tests"
  }, {
    "name" : "severity",
    "value" : "critical"
  }, {
    "name" : "resultFormat",
    "value" : "allure2"
  } ],
  "parameters" : [ ],
  "links" : [ ],
  "hidden" : false,
  "retry" : false,
  "extra" : {
    "severity" : "critical",
    "retries" : [ ],
    "categories" : [ {
      "name" : "Product defects",
      "matchedStatuses" : [ ],
      "flaky" : false
    } ],
    "tags" : [ ]
  },
  "source" : "bf14add0835921d5.json",
  "parameterValues" : [ ]
}